Running simulations for 0.101s simtime

Checking for OptiRoute_datamining_ndp_0.5sec_0.1sec_50us.txt...
Running OptiRoute_datamining_ndp_0.5sec_0.1sec_50us.txt...
Successfully finished running OptiRoute_datamining_ndp_0.5sec_0.1sec_50us.txt!

Checking for OptiRoute_datamining_dctcp_0.5sec_0.1sec_50us.txt...
Running OptiRoute_datamining_dctcp_0.5sec_0.1sec_50us.txt...
Successfully finished running OptiRoute_datamining_dctcp_0.5sec_0.1sec_50us.txt!

Checking for Opera_1path_datamining_ndp_0.5sec_0.1sec_50us.txt...
Running Opera_1path_datamining_ndp_0.5sec_0.1sec_50us.txt...
Successfully finished running Opera_1path_datamining_ndp_0.5sec_0.1sec_50us.txt!

Checking for VLB_datamining_rotorlb_opera_0.5sec_0.1sec_50us.txt...
Running VLB_datamining_rotorlb_opera_0.5sec_0.1sec_50us.txt...
Successfully finished running VLB_datamining_rotorlb_opera_0.5sec_0.1sec_50us.txt!

Checking for ksp_topK=1_datamining_dctcp_0.5sec_0.1sec_50us.txt...
Running ksp_topK=1_datamining_dctcp_0.5sec_0.1sec_50us.txt...
Successfully finished running ksp_topK=1_datamining_dctcp_0.5sec_0.1sec_50us.txt!

Checking for ksp_topK=5_datamining_dctcp_0.5sec_0.1sec_50us.txt...
Running ksp_topK=5_datamining_dctcp_0.5sec_0.1sec_50us.txt...
Successfully finished running ksp_topK=5_datamining_dctcp_0.5sec_0.1sec_50us.txt!

Finished running simulations, plotting figures...
Done!
